<?xml version="1.0" encoding="UTF-8"?>
<!-- Generated by org.testng.reporters.JUnitXMLReporter -->
<testsuite hostname="VIGYAN-L-PC4" ignored="0" tests="3" failures="0" timestamp="2019-11-05T13:34:36 IST" time="0.14" errors="0">
  <testcase name="@BeforeSuite launchBrowser" time="0.396" classname="BaseTestNgPage">
    <failure type="java.lang.NoSuchMethodError" message="org.apache.http.impl.client.HttpClientBuilder.setConnectionManagerShared(Z)Lorg/apache/http/impl/client/HttpClientBuilder;">
      <![CDATA[java.lang.NoSuchMethodError: org.apache.http.impl.client.HttpClientBuilder.setConnectionManagerShared(Z)Lorg/apache/http/impl/client/HttpClientBuilder;
at io.github.bonigarcia.wdm.HttpClient.<init>(HttpClient.java:90)
at io.github.bonigarcia.wdm.WebDriverManager.manage(WebDriverManager.java:500)
at io.github.bonigarcia.wdm.WebDriverManager.setup(WebDriverManager.java:260)
at BaseTestNgPage.launchBrowser(BaseTestNgPage.java:36)
at sun.reflect.NativeMethodAccessorImpl.invoke0(Native Method)
at sun.reflect.NativeMethodAccessorImpl.invoke(NativeMethodAccessorImpl.java:62)
at sun.reflect.DelegatingMethodAccessorImpl.invoke(DelegatingMethodAccessorImpl.java:43)
at java.lang.reflect.Method.invoke(Method.java:498)
at org.testng.internal.MethodInvocationHelper.invokeMethod(MethodInvocationHelper.java:133)
at org.testng.internal.MethodInvocationHelper.invokeMethodConsideringTimeout(MethodInvocationHelper.java:62)
at org.testng.internal.ConfigInvoker.invokeConfigurationMethod(ConfigInvoker.java:340)
at org.testng.internal.ConfigInvoker.invokeConfigurations(ConfigInvoker.java:294)
at org.testng.SuiteRunner.privateRun(SuiteRunner.java:345)
at org.testng.SuiteRunner.run(SuiteRunner.java:304)
at org.testng.SuiteRunnerWorker.runSuite(SuiteRunnerWorker.java:53)
at org.testng.SuiteRunnerWorker.run(SuiteRunnerWorker.java:96)
at org.testng.TestNG.runSuitesSequentially(TestNG.java:1180)
at org.testng.TestNG.runSuitesLocally(TestNG.java:1102)
at org.testng.TestNG.runSuites(TestNG.java:1032)
at org.testng.TestNG.run(TestNG.java:1000)
at org.testng.remote.AbstractRemoteTestNG.run(AbstractRemoteTestNG.java:115)
at org.testng.remote.RemoteTestNG.initAndRun(RemoteTestNG.java:251)
at org.testng.remote.RemoteTestNG.main(RemoteTestNG.java:77)
]]>
    </failure>
  </testcase> <!-- @BeforeSuite launchBrowser -->
  <testcase name="verifyLogin" time="0.0" classname="LoginTestCase">
    <skipped/>
  </testcase> <!-- verifyLogin -->
  <testcase name="addUser" time="0.0" classname="LoginTestCase">
    <skipped/>
  </testcase> <!-- addUser -->
  <testcase name="logout" time="0.0" classname="LoginTestCase">
    <skipped/>
  </testcase> <!-- logout -->
</testsuite>
