<?xml version="1.0" encoding="UTF-8"?>
<testng-results skipped="0" failed="0" ignored="0" total="3" passed="3">
  <reporter-output>
  </reporter-output>
  <suite name="Suite" duration-ms="32554" started-at="2019-11-06T11:17:50 IST" finished-at="2019-11-06T11:18:23 IST">
    <groups>
    </groups>
    <test name="Test" duration-ms="32554" started-at="2019-11-06T11:17:50 IST" finished-at="2019-11-06T11:18:23 IST">
      <class name="LoginTestCase">
        <test-method status="PASS" signature="launchBrowser()[pri:0, instance:LoginTestCase@ecd4b]" name="launchBrowser" is-config="true" duration-ms="24690" started-at="2019-11-06T11:17:26 IST" finished-at="2019-11-06T11:17:50 IST">
          <reporter-output>
          </reporter-output>
        </test-method> <!-- launchBrowser -->
        <test-method status="PASS" signature="verifyLogin()[pri:0, instance:LoginTestCase@ecd4b]" name="verifyLogin" duration-ms="8852" started-at="2019-11-06T11:17:50 IST" finished-at="2019-11-06T11:17:59 IST">
          <reporter-output>
          </reporter-output>
        </test-method> <!-- verifyLogin -->
        <test-method status="PASS" signature="addUser()[pri:0, instance:LoginTestCase@ecd4b]" name="addUser" duration-ms="16523" started-at="2019-11-06T11:17:59 IST" depends-on-methods="LoginTestCase.verifyLogin" finished-at="2019-11-06T11:18:16 IST">
          <reporter-output>
          </reporter-output>
        </test-method> <!-- addUser -->
        <test-method status="PASS" signature="logout()[pri:0, instance:LoginTestCase@ecd4b]" name="logout" duration-ms="7085" started-at="2019-11-06T11:18:16 IST" depends-on-methods="LoginTestCase.addUser" finished-at="2019-11-06T11:18:23 IST">
          <reporter-output>
          </reporter-output>
        </test-method> <!-- logout -->
      </class> <!-- LoginTestCase -->
    </test> <!-- Test -->
  </suite> <!-- Suite -->
</testng-results>
