<?xml version="1.0" encoding="UTF-8"?>
<testng-results skipped="0" failed="0" ignored="0" total="3" passed="3">
  <reporter-output>
  </reporter-output>
  <suite name="Suite" duration-ms="44000" started-at="2019-11-05T13:40:02 IST" finished-at="2019-11-05T13:40:46 IST">
    <groups>
    </groups>
    <test name="Test" duration-ms="44000" started-at="2019-11-05T13:40:02 IST" finished-at="2019-11-05T13:40:46 IST">
      <class name="LoginTestCase">
        <test-method status="PASS" signature="launchBrowser()[pri:0, instance:LoginTestCase@1c2b765]" name="launchBrowser" is-config="true" duration-ms="40902" started-at="2019-11-05T13:39:21 IST" finished-at="2019-11-05T13:40:02 IST">
          <reporter-output>
          </reporter-output>
        </test-method> <!-- launchBrowser -->
        <test-method status="PASS" signature="verifyLogin()[pri:0, instance:LoginTestCase@1c2b765]" name="verifyLogin" duration-ms="3805" started-at="2019-11-05T13:40:02 IST" finished-at="2019-11-05T13:40:05 IST">
          <reporter-output>
          </reporter-output>
        </test-method> <!-- verifyLogin -->
        <test-method status="PASS" signature="addUser()[pri:0, instance:LoginTestCase@1c2b765]" name="addUser" duration-ms="38295" started-at="2019-11-05T13:40:05 IST" depends-on-methods="LoginTestCase.verifyLogin" finished-at="2019-11-05T13:40:44 IST">
          <reporter-output>
          </reporter-output>
        </test-method> <!-- addUser -->
        <test-method status="PASS" signature="logout()[pri:0, instance:LoginTestCase@1c2b765]" name="logout" duration-ms="1790" started-at="2019-11-05T13:40:44 IST" depends-on-methods="LoginTestCase.addUser" finished-at="2019-11-05T13:40:46 IST">
          <reporter-output>
          </reporter-output>
        </test-method> <!-- logout -->
      </class> <!-- LoginTestCase -->
    </test> <!-- Test -->
  </suite> <!-- Suite -->
</testng-results>
